nohup: ignoring input
  ▲ Next.js 14.2.3
  - Local:        http://localhost:3000

 ✓ Starting...
 ✓ Ready in 708ms
Error: Failed to find Server Action "6a49f575". This request might be from an older or newer deployment. Original error: Cannot read properties of undefined (reading 'workers')
    at rR (/home/ubuntu/zero to scale/forge-web/node_modules/next/dist/compiled/next-server/app-page.runtime.prod.js:16:1686)
    at /home/ubuntu/zero to scale/forge-web/node_modules/next/dist/compiled/next-server/app-page.runtime.prod.js:16:303
    at process.processTicksAndRejections (node:internal/process/task_queues:95:5)
    at async rP (/home/ubuntu/zero to scale/forge-web/node_modules/next/dist/compiled/next-server/app-page.runtime.prod.js:15:7978)
    at async r5 (/home/ubuntu/zero to scale/forge-web/node_modules/next/dist/compiled/next-server/app-page.runtime.prod.js:18:1139)
    at async doRender (/home/ubuntu/zero to scale/forge-web/node_modules/next/dist/server/base-server.js:1438:30)
    at async cacheEntry.responseCache.get.routeKind (/home/ubuntu/zero to scale/forge-web/node_modules/next/dist/server/base-server.js:1599:28)
    at async NextNodeServer.renderToResponseWithComponentsImpl (/home/ubuntu/zero to scale/forge-web/node_modules/next/dist/server/base-server.js:1507:28)
    at async NextNodeServer.renderPageComponent (/home/ubuntu/zero to scale/forge-web/node_modules/next/dist/server/base-server.js:1924:24)
    at async NextNodeServer.renderToResponseImpl (/home/ubuntu/zero to scale/forge-web/node_modules/next/dist/server/base-server.js:1962:32)
Error: Failed to find Server Action "21afa03c". This request might be from an older or newer deployment. Original error: Cannot read properties of undefined (reading 'workers')
    at rR (/home/ubuntu/zero to scale/forge-web/node_modules/next/dist/compiled/next-server/app-page.runtime.prod.js:16:1686)
    at /home/ubuntu/zero to scale/forge-web/node_modules/next/dist/compiled/next-server/app-page.runtime.prod.js:16:303
    at process.processTicksAndRejections (node:internal/process/task_queues:95:5)
    at async rP (/home/ubuntu/zero to scale/forge-web/node_modules/next/dist/compiled/next-server/app-page.runtime.prod.js:15:7978)
    at async r5 (/home/ubuntu/zero to scale/forge-web/node_modules/next/dist/compiled/next-server/app-page.runtime.prod.js:18:1139)
    at async doRender (/home/ubuntu/zero to scale/forge-web/node_modules/next/dist/server/base-server.js:1438:30)
    at async cacheEntry.responseCache.get.routeKind (/home/ubuntu/zero to scale/forge-web/node_modules/next/dist/server/base-server.js:1599:28)
    at async NextNodeServer.renderToResponseWithComponentsImpl (/home/ubuntu/zero to scale/forge-web/node_modules/next/dist/server/base-server.js:1507:28)
    at async NextNodeServer.renderPageComponent (/home/ubuntu/zero to scale/forge-web/node_modules/next/dist/server/base-server.js:1924:24)
    at async NextNodeServer.renderToResponseImpl (/home/ubuntu/zero to scale/forge-web/node_modules/next/dist/server/base-server.js:1962:32)
Error: Failed to find Server Action "12a94020". This request might be from an older or newer deployment. Original error: Cannot read properties of undefined (reading 'workers')
    at rR (/home/ubuntu/zero to scale/forge-web/node_modules/next/dist/compiled/next-server/app-page.runtime.prod.js:16:1686)
    at /home/ubuntu/zero to scale/forge-web/node_modules/next/dist/compiled/next-server/app-page.runtime.prod.js:16:303
    at process.processTicksAndRejections (node:internal/process/task_queues:95:5)
    at async rP (/home/ubuntu/zero to scale/forge-web/node_modules/next/dist/compiled/next-server/app-page.runtime.prod.js:15:7978)
    at async r5 (/home/ubuntu/zero to scale/forge-web/node_modules/next/dist/compiled/next-server/app-page.runtime.prod.js:18:1139)
    at async doRender (/home/ubuntu/zero to scale/forge-web/node_modules/next/dist/server/base-server.js:1438:30)
    at async cacheEntry.responseCache.get.routeKind (/home/ubuntu/zero to scale/forge-web/node_modules/next/dist/server/base-server.js:1599:28)
    at async NextNodeServer.renderToResponseWithComponentsImpl (/home/ubuntu/zero to scale/forge-web/node_modules/next/dist/server/base-server.js:1507:28)
    at async NextNodeServer.renderPageComponent (/home/ubuntu/zero to scale/forge-web/node_modules/next/dist/server/base-server.js:1924:24)
    at async NextNodeServer.renderToResponseImpl (/home/ubuntu/zero to scale/forge-web/node_modules/next/dist/server/base-server.js:1962:32)
Error: Failed to find Server Action "47332b30". This request might be from an older or newer deployment. Original error: Cannot read properties of undefined (reading 'workers')
    at rR (/home/ubuntu/zero to scale/forge-web/node_modules/next/dist/compiled/next-server/app-page.runtime.prod.js:16:1686)
    at /home/ubuntu/zero to scale/forge-web/node_modules/next/dist/compiled/next-server/app-page.runtime.prod.js:16:303
    at process.processTicksAndRejections (node:internal/process/task_queues:95:5)
    at async rP (/home/ubuntu/zero to scale/forge-web/node_modules/next/dist/compiled/next-server/app-page.runtime.prod.js:15:7978)
    at async r5 (/home/ubuntu/zero to scale/forge-web/node_modules/next/dist/compiled/next-server/app-page.runtime.prod.js:18:1139)
    at async doRender (/home/ubuntu/zero to scale/forge-web/node_modules/next/dist/server/base-server.js:1438:30)
    at async cacheEntry.responseCache.get.routeKind (/home/ubuntu/zero to scale/forge-web/node_modules/next/dist/server/base-server.js:1599:28)
    at async NextNodeServer.renderToResponseWithComponentsImpl (/home/ubuntu/zero to scale/forge-web/node_modules/next/dist/server/base-server.js:1507:28)
    at async NextNodeServer.renderPageComponent (/home/ubuntu/zero to scale/forge-web/node_modules/next/dist/server/base-server.js:1924:24)
    at async NextNodeServer.renderToResponseImpl (/home/ubuntu/zero to scale/forge-web/node_modules/next/dist/server/base-server.js:1962:32)
